2022-09-21 12:05:24.961 | INFO     | app:execute:107 -  游댵游댵游댵 -----    0     ----- 游댵游댵游댵
2022-09-21 12:05:24.962 | INFO     | app:execute:108 -  游댴游댴游댴 ----- None ----- 游댴游댴游댴
2022-09-21 12:05:24.963 | INFO     | app:execute:109 - cass_fresh_500 API Start from user id [VD]
2022-09-21 12:05:25.049 | INFO     | app:execute:134 - <engines.engine.Engine object at 0x7f45da4a21d0>
2022-09-21 12:05:27.933 | SUCCESS  | app:execute:137 - 游릭 AI inference success !!
2022-09-21 12:05:27.934 | INFO     | util.utils:wrapper_fn:41 -       ==> Processing time [execute]: 2.97s
2022-09-21 12:05:28.354 | INFO     | app:execute:107 -  游댵游댵游댵 -----    0     ----- 游댵游댵游댵
2022-09-21 12:05:28.354 | INFO     | app:execute:108 -  游댴游댴游댴 ----- None ----- 游댴游댴游댴
2022-09-21 12:05:28.355 | INFO     | app:execute:109 - cass_fresh_500 API Start from user id [VD]
2022-09-21 12:05:28.411 | INFO     | app:execute:134 - <engines.engine.Engine object at 0x7f45da4a21d0>
2022-09-21 12:05:33.486 | SUCCESS  | app:execute:137 - 游릭 AI inference success !!
2022-09-21 12:05:33.487 | INFO     | util.utils:wrapper_fn:41 -       ==> Processing time [execute]: 5.13s
2022-09-21 12:06:07.560 | INFO     | app:execute:107 -  游댵游댵游댵 -----    0     ----- 游댵游댵游댵
2022-09-21 12:06:07.561 | INFO     | app:execute:108 -  游댴游댴游댴 ----- None ----- 游댴游댴游댴
2022-09-21 12:06:07.561 | INFO     | app:execute:109 - cass_fresh_500 API Start from user id [VD]
2022-09-21 12:06:07.609 | INFO     | app:execute:134 - <engines.engine.Engine object at 0x7f45da4a21d0>
2022-09-21 12:06:07.996 | SUCCESS  | app:execute:137 - 游릭 AI inference success !!
2022-09-21 12:06:07.997 | INFO     | util.utils:wrapper_fn:41 -       ==> Processing time [execute]: 0.44s
2022-09-21 12:07:32.721 | INFO     | app:execute:107 -  游댵游댵游댵 -----    0     ----- 游댵游댵游댵
2022-09-21 12:07:32.721 | INFO     | app:execute:108 -  游댴游댴游댴 ----- None ----- 游댴游댴游댴
2022-09-21 12:07:32.722 | INFO     | app:execute:109 - cass_fresh_500 API Start from user id [VD]
2022-09-21 12:07:32.777 | INFO     | app:execute:134 - <engines.engine.Engine object at 0x7f45da4a21d0>
2022-09-21 12:07:33.149 | SUCCESS  | app:execute:137 - 游릭 AI inference success !!
2022-09-21 12:07:33.150 | INFO     | util.utils:wrapper_fn:41 -       ==> Processing time [execute]: 0.43s
2022-09-21 12:07:33.602 | INFO     | app:execute:107 -  游댵游댵游댵 -----    0     ----- 游댵游댵游댵
2022-09-21 12:07:33.603 | INFO     | app:execute:108 -  游댴游댴游댴 ----- None ----- 游댴游댴游댴
2022-09-21 12:07:33.604 | INFO     | app:execute:109 - cass_fresh_500 API Start from user id [VD]
2022-09-21 12:07:33.660 | INFO     | app:execute:134 - <engines.engine.Engine object at 0x7f45da4a21d0>
2022-09-21 12:07:34.011 | SUCCESS  | app:execute:137 - 游릭 AI inference success !!
2022-09-21 12:07:34.011 | INFO     | util.utils:wrapper_fn:41 -       ==> Processing time [execute]: 0.41s
2022-09-21 12:09:29.616 | INFO     | app:execute:107 -  游댵游댵游댵 -----    0     ----- 游댵游댵游댵
2022-09-21 12:09:29.617 | INFO     | app:execute:108 -  游댴游댴游댴 ----- None ----- 游댴游댴游댴
2022-09-21 12:09:29.617 | INFO     | app:execute:109 - cass_fresh_500 API Start from user id [VD]
2022-09-21 12:09:29.667 | INFO     | app:execute:134 - <engines.engine.Engine object at 0x7f45da4a21d0>
2022-09-21 12:09:30.024 | SUCCESS  | app:execute:137 - 游릭 AI inference success !!
2022-09-21 12:09:30.025 | INFO     | util.utils:wrapper_fn:41 -       ==> Processing time [execute]: 0.41s
2022-09-21 12:12:20.735 | INFO     | app:execute:107 -  游댵游댵游댵 -----    0     ----- 游댵游댵游댵
2022-09-21 12:12:20.735 | INFO     | app:execute:108 -  游댴游댴游댴 ----- None ----- 游댴游댴游댴
2022-09-21 12:12:20.736 | INFO     | app:execute:109 - cass_fresh_500 API Start from user id [VD]
2022-09-21 12:12:20.789 | INFO     | app:execute:134 - <engines.engine.Engine object at 0x7f45da4a21d0>
2022-09-21 12:12:21.173 | SUCCESS  | app:execute:137 - 游릭 AI inference success !!
2022-09-21 12:12:21.174 | INFO     | util.utils:wrapper_fn:41 -       ==> Processing time [execute]: 0.44s
2022-09-21 12:13:05.668 | INFO     | app:execute:107 -  游댵游댵游댵 -----    0     ----- 游댵游댵游댵
2022-09-21 12:13:05.669 | INFO     | app:execute:108 -  游댴游댴游댴 ----- None ----- 游댴游댴游댴
2022-09-21 12:13:05.670 | INFO     | app:execute:109 - cass_fresh_500 API Start from user id [VD]
2022-09-21 12:13:05.728 | INFO     | app:execute:134 - <engines.engine.Engine object at 0x7f45da4a21d0>
2022-09-21 12:13:06.086 | SUCCESS  | app:execute:137 - 游릭 AI inference success !!
2022-09-21 12:13:06.087 | INFO     | util.utils:wrapper_fn:41 -       ==> Processing time [execute]: 0.42s
2022-09-21 12:13:27.898 | INFO     | app:execute:107 -  游댵游댵游댵 -----    0     ----- 游댵游댵游댵
2022-09-21 12:13:27.898 | INFO     | app:execute:108 -  游댴游댴游댴 ----- None ----- 游댴游댴游댴
2022-09-21 12:13:27.899 | INFO     | app:execute:109 - cass_fresh_500 API Start from user id [VD]
2022-09-21 12:13:27.954 | INFO     | app:execute:134 - <engines.engine.Engine object at 0x7f45da4a21d0>
2022-09-21 12:13:28.318 | SUCCESS  | app:execute:137 - 游릭 AI inference success !!
2022-09-21 12:13:28.318 | INFO     | util.utils:wrapper_fn:41 -       ==> Processing time [execute]: 0.42s
2022-09-21 12:13:28.771 | INFO     | app:execute:107 -  游댵游댵游댵 -----    0     ----- 游댵游댵游댵
2022-09-21 12:13:28.772 | INFO     | app:execute:108 -  游댴游댴游댴 ----- None ----- 游댴游댴游댴
2022-09-21 12:13:28.772 | INFO     | app:execute:109 - cass_fresh_500 API Start from user id [VD]
2022-09-21 12:13:28.826 | INFO     | app:execute:134 - <engines.engine.Engine object at 0x7f45da4a21d0>
2022-09-21 12:13:29.193 | SUCCESS  | app:execute:137 - 游릭 AI inference success !!
2022-09-21 12:13:29.194 | INFO     | util.utils:wrapper_fn:41 -       ==> Processing time [execute]: 0.42s
2022-09-21 15:14:14.262 | INFO     | app:execute:107 -  游댵游댵游댵 -----    0     ----- 游댵游댵游댵
2022-09-21 15:14:14.263 | INFO     | app:execute:108 -  游댴游댴游댴 ----- None ----- 游댴游댴游댴
2022-09-21 15:14:14.264 | INFO     | app:execute:109 - cass_fresh_500 API Start from user id [VD]
2022-09-21 15:14:14.336 | INFO     | app:execute:134 - <engines.engine.Engine object at 0x7f45da4a21d0>
2022-09-21 15:14:14.700 | SUCCESS  | app:execute:137 - 游릭 AI inference success !!
2022-09-21 15:14:14.700 | INFO     | util.utils:wrapper_fn:41 -       ==> Processing time [execute]: 0.44s
2022-09-21 15:17:05.080 | INFO     | app:execute:107 -  游댵游댵游댵 -----    0     ----- 游댵游댵游댵
2022-09-21 15:17:05.081 | INFO     | app:execute:108 -  游댴游댴游댴 ----- None ----- 游댴游댴游댴
2022-09-21 15:17:05.081 | INFO     | app:execute:109 - cass_fresh_500 API Start from user id [VD]
2022-09-21 15:17:05.132 | INFO     | app:execute:134 - <engines.engine.Engine object at 0x7f45da4a21d0>
2022-09-21 15:17:05.497 | SUCCESS  | app:execute:137 - 游릭 AI inference success !!
2022-09-21 15:17:05.498 | INFO     | util.utils:wrapper_fn:41 -       ==> Processing time [execute]: 0.42s
2022-09-21 15:17:09.615 | INFO     | app:execute:107 -  游댵游댵游댵 -----    0     ----- 游댵游댵游댵
2022-09-21 15:17:09.616 | INFO     | app:execute:108 -  游댴游댴游댴 ----- None ----- 游댴游댴游댴
2022-09-21 15:17:09.616 | INFO     | app:execute:109 - cass_fresh_500 API Start from user id [VD]
2022-09-21 15:17:09.671 | INFO     | app:execute:134 - <engines.engine.Engine object at 0x7f45da4a21d0>
2022-09-21 15:17:10.011 | SUCCESS  | app:execute:137 - 游릭 AI inference success !!
2022-09-21 15:17:10.012 | INFO     | util.utils:wrapper_fn:41 -       ==> Processing time [execute]: 0.4s
2022-09-21 15:17:10.771 | INFO     | app:execute:107 -  游댵游댵游댵 -----    0     ----- 游댵游댵游댵
2022-09-21 15:17:10.772 | INFO     | app:execute:108 -  游댴游댴游댴 ----- None ----- 游댴游댴游댴
2022-09-21 15:17:10.772 | INFO     | app:execute:109 - cass_fresh_500 API Start from user id [VD]
2022-09-21 15:17:10.832 | INFO     | app:execute:134 - <engines.engine.Engine object at 0x7f45da4a21d0>
2022-09-21 15:17:11.185 | SUCCESS  | app:execute:137 - 游릭 AI inference success !!
2022-09-21 15:17:11.185 | INFO     | util.utils:wrapper_fn:41 -       ==> Processing time [execute]: 0.41s
2022-09-21 15:18:52.939 | INFO     | app:execute:107 -  游댵游댵游댵 -----    0     ----- 游댵游댵游댵
2022-09-21 15:18:52.940 | INFO     | app:execute:108 -  游댴游댴游댴 ----- None ----- 游댴游댴游댴
2022-09-21 15:18:52.940 | INFO     | app:execute:109 - cass_fresh_500 API Start from user id [VD]
2022-09-21 15:18:52.993 | INFO     | app:execute:134 - <engines.engine.Engine object at 0x7f45da4a21d0>
2022-09-21 15:18:53.379 | SUCCESS  | app:execute:137 - 游릭 AI inference success !!
2022-09-21 15:18:53.379 | INFO     | util.utils:wrapper_fn:41 -       ==> Processing time [execute]: 0.44s
2022-09-21 15:18:53.815 | INFO     | app:execute:107 -  游댵游댵游댵 -----    0     ----- 游댵游댵游댵
2022-09-21 15:18:53.815 | INFO     | app:execute:108 -  游댴游댴游댴 ----- None ----- 游댴游댴游댴
2022-09-21 15:18:53.816 | INFO     | app:execute:109 - cass_fresh_500 API Start from user id [VD]
2022-09-21 15:18:53.870 | INFO     | app:execute:134 - <engines.engine.Engine object at 0x7f45da4a21d0>
2022-09-21 15:18:54.218 | SUCCESS  | app:execute:137 - 游릭 AI inference success !!
2022-09-21 15:18:54.218 | INFO     | util.utils:wrapper_fn:41 -       ==> Processing time [execute]: 0.4s
2022-09-21 15:21:55.294 | INFO     | app:execute:107 -  游댵游댵游댵 -----    0     ----- 游댵游댵游댵
2022-09-21 15:21:55.295 | INFO     | app:execute:108 -  游댴游댴游댴 ----- None ----- 游댴游댴游댴
2022-09-21 15:21:55.295 | INFO     | app:execute:109 - cass_fresh_500 API Start from user id [VD]
2022-09-21 15:21:55.347 | INFO     | app:execute:134 - <engines.engine.Engine object at 0x7f45da4a21d0>
2022-09-21 15:21:55.712 | SUCCESS  | app:execute:137 - 游릭 AI inference success !!
2022-09-21 15:21:55.713 | INFO     | util.utils:wrapper_fn:41 -       ==> Processing time [execute]: 0.42s
